{"timestamp":"2018-08-28T15:00:30.320061231Z","level":"info","source":"bpm","message":"bpm.start.acquiring-lifecycle-lock.starting","data":{"job":"director","process":"director","session":"1.1"}}
{"timestamp":"2018-08-28T15:00:30.320205131Z","level":"info","source":"bpm","message":"bpm.start.acquiring-lifecycle-lock.complete","data":{"job":"director","process":"director","session":"1.1"}}
{"timestamp":"2018-08-28T15:00:30.320226031Z","level":"info","source":"bpm","message":"bpm.start.starting","data":{"job":"director","process":"director","session":"1"}}
{"timestamp":"2018-08-28T15:00:30.325226431Z","level":"info","source":"bpm","message":"bpm.start.start-process.starting","data":{"job":"director","process":"director","session":"1.2"}}
{"timestamp":"2018-08-28T15:00:30.325368731Z","level":"info","source":"bpm","message":"bpm.start.start-process.creating-job-prerequisites","data":{"job":"director","process":"director","session":"1.2"}}
{"timestamp":"2018-08-28T15:00:30.325531531Z","level":"info","source":"bpm","message":"bpm.start.start-process.building-spec","data":{"job":"director","process":"director","session":"1.2"}}
{"timestamp":"2018-08-28T15:00:30.325749131Z","level":"info","source":"bpm","message":"bpm.start.start-process.creating-bundle","data":{"job":"director","process":"director","session":"1.2"}}
{"timestamp":"2018-08-28T15:00:30.327310631Z","level":"info","source":"bpm","message":"bpm.start.start-process.running-container","data":{"job":"director","process":"director","session":"1.2"}}
{"timestamp":"2018-08-28T15:00:30.469297931Z","level":"info","source":"bpm","message":"bpm.start.start-process.complete","data":{"job":"director","process":"director","session":"1.2"}}
{"timestamp":"2018-08-28T15:00:30.469377831Z","level":"info","source":"bpm","message":"bpm.start.complete","data":{"job":"director","process":"director","session":"1"}}
{"timestamp":"2018-08-28T15:00:30.469398131Z","level":"info","source":"bpm","message":"bpm.start.releasing-lifecycle-lock.starting","data":{"job":"director","process":"director","session":"1.3"}}
{"timestamp":"2018-08-28T15:00:30.469422631Z","level":"info","source":"bpm","message":"bpm.start.releasing-lifecycle-lock.complete","data":{"job":"director","process":"director","session":"1.3"}}
{"timestamp":"2018-08-28T15:00:34.331343233Z","level":"info","source":"bpm","message":"bpm.start.acquiring-lifecycle-lock.starting","data":{"job":"director","process":"scheduler","session":"1.1"}}
{"timestamp":"2018-08-28T15:00:34.331474933Z","level":"info","source":"bpm","message":"bpm.start.acquiring-lifecycle-lock.complete","data":{"job":"director","process":"scheduler","session":"1.1"}}
{"timestamp":"2018-08-28T15:00:34.331495233Z","level":"info","source":"bpm","message":"bpm.start.starting","data":{"job":"director","process":"scheduler","session":"1"}}
{"timestamp":"2018-08-28T15:00:34.343019333Z","level":"info","source":"bpm","message":"bpm.start.start-process.starting","data":{"job":"director","process":"scheduler","session":"1.2"}}
{"timestamp":"2018-08-28T15:00:34.343081433Z","level":"info","source":"bpm","message":"bpm.start.start-process.creating-job-prerequisites","data":{"job":"director","process":"scheduler","session":"1.2"}}
{"timestamp":"2018-08-28T15:00:34.343187533Z","level":"info","source":"bpm","message":"bpm.start.start-process.building-spec","data":{"job":"director","process":"scheduler","session":"1.2"}}
{"timestamp":"2018-08-28T15:00:34.343298133Z","level":"info","source":"bpm","message":"bpm.start.start-process.creating-bundle","data":{"job":"director","process":"scheduler","session":"1.2"}}
{"timestamp":"2018-08-28T15:00:34.344522233Z","level":"info","source":"bpm","message":"bpm.start.start-process.running-container","data":{"job":"director","process":"scheduler","session":"1.2"}}
{"timestamp":"2018-08-28T15:00:34.502812234Z","level":"info","source":"bpm","message":"bpm.start.start-process.complete","data":{"job":"director","process":"scheduler","session":"1.2"}}
{"timestamp":"2018-08-28T15:00:34.502886134Z","level":"info","source":"bpm","message":"bpm.start.complete","data":{"job":"director","process":"scheduler","session":"1"}}
{"timestamp":"2018-08-28T15:00:34.502914134Z","level":"info","source":"bpm","message":"bpm.start.releasing-lifecycle-lock.starting","data":{"job":"director","process":"scheduler","session":"1.3"}}
{"timestamp":"2018-08-28T15:00:34.502952834Z","level":"info","source":"bpm","message":"bpm.start.releasing-lifecycle-lock.complete","data":{"job":"director","process":"scheduler","session":"1.3"}}
{"timestamp":"2018-08-28T15:00:35.378811434Z","level":"info","source":"bpm","message":"bpm.start.acquiring-lifecycle-lock.starting","data":{"job":"director","process":"sync_dns","session":"1.1"}}
{"timestamp":"2018-08-28T15:00:35.401839234Z","level":"info","source":"bpm","message":"bpm.start.acquiring-lifecycle-lock.complete","data":{"job":"director","process":"sync_dns","session":"1.1"}}
{"timestamp":"2018-08-28T15:00:35.401875434Z","level":"info","source":"bpm","message":"bpm.start.starting","data":{"job":"director","process":"sync_dns","session":"1"}}
{"timestamp":"2018-08-28T15:00:35.407697534Z","level":"info","source":"bpm","message":"bpm.start.start-process.starting","data":{"job":"director","process":"sync_dns","session":"1.2"}}
{"timestamp":"2018-08-28T15:00:35.407772434Z","level":"info","source":"bpm","message":"bpm.start.start-process.creating-job-prerequisites","data":{"job":"director","process":"sync_dns","session":"1.2"}}
{"timestamp":"2018-08-28T15:00:35.407876434Z","level":"info","source":"bpm","message":"bpm.start.start-process.building-spec","data":{"job":"director","process":"sync_dns","session":"1.2"}}
{"timestamp":"2018-08-28T15:00:35.408012134Z","level":"info","source":"bpm","message":"bpm.start.start-process.creating-bundle","data":{"job":"director","process":"sync_dns","session":"1.2"}}
{"timestamp":"2018-08-28T15:00:35.416894134Z","level":"info","source":"bpm","message":"bpm.start.start-process.running-container","data":{"job":"director","process":"sync_dns","session":"1.2"}}
{"timestamp":"2018-08-28T15:00:35.501489834Z","level":"info","source":"bpm","message":"bpm.start.start-process.complete","data":{"job":"director","process":"sync_dns","session":"1.2"}}
{"timestamp":"2018-08-28T15:00:35.501546434Z","level":"info","source":"bpm","message":"bpm.start.complete","data":{"job":"director","process":"sync_dns","session":"1"}}
{"timestamp":"2018-08-28T15:00:35.501565634Z","level":"info","source":"bpm","message":"bpm.start.releasing-lifecycle-lock.starting","data":{"job":"director","process":"sync_dns","session":"1.3"}}
{"timestamp":"2018-08-28T15:00:35.501590734Z","level":"info","source":"bpm","message":"bpm.start.releasing-lifecycle-lock.complete","data":{"job":"director","process":"sync_dns","session":"1.3"}}
{"timestamp":"2018-08-28T15:00:36.436152935Z","level":"info","source":"bpm","message":"bpm.start.acquiring-lifecycle-lock.starting","data":{"job":"director","process":"nginx","session":"1.1"}}
{"timestamp":"2018-08-28T15:00:36.436268235Z","level":"info","source":"bpm","message":"bpm.start.acquiring-lifecycle-lock.complete","data":{"job":"director","process":"nginx","session":"1.1"}}
{"timestamp":"2018-08-28T15:00:36.436288235Z","level":"info","source":"bpm","message":"bpm.start.starting","data":{"job":"director","process":"nginx","session":"1"}}
{"timestamp":"2018-08-28T15:00:36.444778435Z","level":"info","source":"bpm","message":"bpm.start.start-process.starting","data":{"job":"director","process":"nginx","session":"1.2"}}
{"timestamp":"2018-08-28T15:00:36.444842435Z","level":"info","source":"bpm","message":"bpm.start.start-process.creating-job-prerequisites","data":{"job":"director","process":"nginx","session":"1.2"}}
{"timestamp":"2018-08-28T15:00:36.444973235Z","level":"info","source":"bpm","message":"bpm.start.start-process.building-spec","data":{"job":"director","process":"nginx","session":"1.2"}}
{"timestamp":"2018-08-28T15:00:36.445101835Z","level":"info","source":"bpm","message":"bpm.start.start-process.creating-bundle","data":{"job":"director","process":"nginx","session":"1.2"}}
{"timestamp":"2018-08-28T15:00:36.446721635Z","level":"info","source":"bpm","message":"bpm.start.start-process.running-container","data":{"job":"director","process":"nginx","session":"1.2"}}
{"timestamp":"2018-08-28T15:00:36.638872535Z","level":"info","source":"bpm","message":"bpm.start.start-process.complete","data":{"job":"director","process":"nginx","session":"1.2"}}
{"timestamp":"2018-08-28T15:00:36.638934035Z","level":"info","source":"bpm","message":"bpm.start.complete","data":{"job":"director","process":"nginx","session":"1"}}
{"timestamp":"2018-08-28T15:00:36.638955935Z","level":"info","source":"bpm","message":"bpm.start.releasing-lifecycle-lock.starting","data":{"job":"director","process":"nginx","session":"1.3"}}
{"timestamp":"2018-08-28T15:00:36.638984535Z","level":"info","source":"bpm","message":"bpm.start.releasing-lifecycle-lock.complete","data":{"job":"director","process":"nginx","session":"1.3"}}
